<?xml version="1.0" encoding="UTF-8"?>
<!-- Generated by org.testng.reporters.JUnitXMLReporter -->
<testsuite ignored="0" hostname="DESKTOP-FQAL2IK" failures="1" tests="3" name="Nopackage" time="32.603" errors="0" timestamp="2023-08-22T16:40:49 IST">
  <testcase classname="hrms.packages.TestScript.Tc001" name="tc001" time="11.734"/>
  <testcase classname="hrms.packages.TestScript.Tc002" name="mouseover" time="7.658">
    <failure type="org.openqa.selenium.NoSuchElementException" message="Unable to locate element: Add Employee
For documentation on this error, please visit: https://www.selenium.dev/documentation/webdriver/troubleshooting/errors#no-such-element-exception
Build info: version: &amp;apos;4.11.0&amp;apos;, revision: &amp;apos;040bc5406b&amp;apos;
System info: os.name: &amp;apos;Windows 10&amp;apos;, os.arch: &amp;apos;amd64&amp;apos;, os.version: &amp;apos;10.0&amp;apos;, java.version: &amp;apos;17.0.2&amp;apos;
Driver info: org.openqa.selenium.firefox.FirefoxDriver
Command: [cb84e2ad-4245-4968-8259-3a3354f3c836, findElement {using=link text, value=Add Employee}]
Capabilities {acceptInsecureCerts: true, browserName: firefox, browserVersion: 72.0.2, moz:accessibilityChecks: false, moz:buildID: 20200117190643, moz:geckodriverVersion: 0.33.0, moz:headless: false, moz:processID: 13000, moz:profile: C:\Users\zakir\AppData\Loca..., moz:shutdownTimeout: 60000, moz:useNonSpecCompliantPointerOrigin: false, moz:webdriverClick: true, pageLoadStrategy: normal, platformName: windows, platformVersion: 10.0, rotatable: false, setWindowRect: true, strictFileInteractability: false, timeouts: {implicit: 0, pageLoad: 300000, script: 30000}, unhandledPromptBehavior: dismiss and notify}
Session ID: cb84e2ad-4245-4968-8259-3a3354f3c836">
      <![CDATA[org.openqa.selenium.NoSuchElementException: Unable to locate element: Add Employee
For documentation on this error, please visit: https://www.selenium.dev/documentation/webdriver/troubleshooting/errors#no-such-element-exception
Build info: version: '4.11.0', revision: '040bc5406b'
System info: os.name: 'Windows 10', os.arch: 'amd64', os.version: '10.0', java.version: '17.0.2'
Driver info: org.openqa.selenium.firefox.FirefoxDriver
Command: [cb84e2ad-4245-4968-8259-3a3354f3c836, findElement {using=link text, value=Add Employee}]
Capabilities {acceptInsecureCerts: true, browserName: firefox, browserVersion: 72.0.2, moz:accessibilityChecks: false, moz:buildID: 20200117190643, moz:geckodriverVersion: 0.33.0, moz:headless: false, moz:processID: 13000, moz:profile: C:\Users\zakir\AppData\Loca..., moz:shutdownTimeout: 60000, moz:useNonSpecCompliantPointerOrigin: false, moz:webdriverClick: true, pageLoadStrategy: normal, platformName: windows, platformVersion: 10.0, rotatable: false, setWindowRect: true, strictFileInteractability: false, timeouts: {implicit: 0, pageLoad: 300000, script: 30000}, unhandledPromptBehavior: dismiss and notify}
Session ID: cb84e2ad-4245-4968-8259-3a3354f3c836
at org.openqa.selenium.remote.codec.w3c.W3CHttpResponseCodec.createException(W3CHttpResponseCodec.java:200)
at org.openqa.selenium.remote.codec.w3c.W3CHttpResponseCodec.decode(W3CHttpResponseCodec.java:133)
at org.openqa.selenium.remote.codec.w3c.W3CHttpResponseCodec.decode(W3CHttpResponseCodec.java:52)
at org.openqa.selenium.remote.HttpCommandExecutor.execute(HttpCommandExecutor.java:191)
at org.openqa.selenium.remote.service.DriverCommandExecutor.invokeExecute(DriverCommandExecutor.java:196)
at org.openqa.selenium.remote.service.DriverCommandExecutor.execute(DriverCommandExecutor.java:171)
at org.openqa.selenium.remote.RemoteWebDriver.execute(RemoteWebDriver.java:518)
at org.openqa.selenium.remote.ElementLocation$ElementFinder$2.findElement(ElementLocation.java:165)
at org.openqa.selenium.remote.ElementLocation.findElement(ElementLocation.java:59)
at org.openqa.selenium.remote.RemoteWebDriver.findElement(RemoteWebDriver.java:355)
at org.openqa.selenium.remote.RemoteWebDriver.findElement(RemoteWebDriver.java:349)
at hrms.packages.lib.General.pimMenu(General.java:69)
at hrms.packages.TestScript.Tc002.mouseover(Tc002.java:16)
at java.base/java.util.ArrayList.forEach(ArrayList.java:1511)
... Removed 32 stack frames]]>
    </failure>
  </testcase> <!-- mouseover -->
  <testcase classname="hrms.packages.TestScript.Tc003" name="deleteEmp" time="13.145"/>
</testsuite> <!-- Nopackage -->
