<?xml version="1.0" encoding="UTF-8"?>
<!-- Generated by org.testng.reporters.JUnitXMLReporter -->
<testsuite ignored="0" hostname="DESKTOP-FQAL2IK" failures="0" tests="3" name="Nopackage" time="45.346" errors="0" timestamp="2023-08-25T17:37:35 IST">
  <testcase classname="com.hrms.testscripts.TC001" name="tcoo1" time="11.185"/>
  <testcase classname="com.hrms.testscripts.TC002" name="tcoo2" time="20.866"/>
  <testcase classname="com.hrms.testscripts.TC003" name="tc003" time="13.233"/>
</testsuite> <!-- Nopackage -->
