<?xml version="1.0" encoding="UTF-8"?>
<!-- Generated by org.testng.reporters.JUnitXMLReporter -->
<testsuite ignored="0" hostname="DESKTOP-FQAL2IK" failures="0" tests="3" name="Regression1" time="36.548" errors="0" timestamp="2023-08-25T16:23:46 IST">
  <testcase classname="com.hrms.testscripts.TC001" name="tcoo1" time="11.395"/>
  <testcase classname="com.hrms.testscripts.TC002" name="tcoo2" time="12.491"/>
  <testcase classname="com.hrms.testscripts.TC003" name="tc003" time="12.581"/>
</testsuite> <!-- Regression1 -->
