<?xml version="1.0" encoding="UTF-8"?>
<testng-results ignored="0" total="3" passed="3" failed="0" skipped="0">
  <reporter-output>
    <line>
      <![CDATA[OpenApplication]]>
    </line>
    <line>
      <![CDATA[login completed]]>
    </line>
    <line>
      <![CDATA[Logout functionality completed]]>
    </line>
    <line>
      <![CDATA[OpenApplication]]>
    </line>
    <line>
      <![CDATA[login completed]]>
    </line>
    <line>
      <![CDATA[EnterFrame: webpage inside one more page is called Frame]]>
    </line>
    <line>
      <![CDATA[OpenApplication]]>
    </line>
    <line>
      <![CDATA[Verify page is completed]]>
    </line>
    <line>
      <![CDATA[login completed]]>
    </line>
    <line>
      <![CDATA[EnterFrame: webpage inside one more page is called Frame]]>
    </line>
    <line>
      <![CDATA[DeleteEmployee completed]]>
    </line>
    <line>
      <![CDATA[Logout functionality completed]]>
    </line>
  </reporter-output>
  <suite started-at="2023-08-25T17:36:49 IST" name="Suite1" finished-at="2023-08-25T17:37:35 IST" duration-ms="45346">
    <groups>
    </groups>
    <test started-at="2023-08-25T17:36:49 IST" name="Nopackage" finished-at="2023-08-25T17:37:35 IST" duration-ms="45346">
      <class name="com.hrms.testscripts.TC001">
        <test-method signature="tcoo1()[pri:0, instance:com.hrms.testscripts.TC001@65c7a252]" started-at="2023-08-25T17:36:49 IST" name="tcoo1" finished-at="2023-08-25T17:37:00 IST" duration-ms="11185" status="PASS">
          <reporter-output>
            <line>
              <![CDATA[OpenApplication]]>
            </line>
            <line>
              <![CDATA[login completed]]>
            </line>
            <line>
              <![CDATA[Logout functionality completed]]>
            </line>
          </reporter-output>
        </test-method> <!-- tcoo1 -->
      </class> <!-- com.hrms.testscripts.TC001 -->
      <class name="com.hrms.testscripts.TC002">
        <test-method signature="tcoo2()[pri:0, instance:com.hrms.testscripts.TC002@1a942c18]" started-at="2023-08-25T17:37:00 IST" name="tcoo2" finished-at="2023-08-25T17:37:21 IST" duration-ms="20866" status="PASS">
          <reporter-output>
            <line>
              <![CDATA[OpenApplication]]>
            </line>
            <line>
              <![CDATA[login completed]]>
            </line>
            <line>
              <![CDATA[EnterFrame: webpage inside one more page is called Frame]]>
            </line>
          </reporter-output>
        </test-method> <!-- tcoo2 -->
      </class> <!-- com.hrms.testscripts.TC002 -->
      <class name="com.hrms.testscripts.TC003">
        <test-method signature="tc003()[pri:0, instance:com.hrms.testscripts.TC003@55a147cc]" started-at="2023-08-25T17:37:21 IST" name="tc003" finished-at="2023-08-25T17:37:35 IST" duration-ms="13233" status="PASS">
          <reporter-output>
            <line>
              <![CDATA[OpenApplication]]>
            </line>
            <line>
              <![CDATA[Verify page is completed]]>
            </line>
            <line>
              <![CDATA[login completed]]>
            </line>
            <line>
              <![CDATA[EnterFrame: webpage inside one more page is called Frame]]>
            </line>
            <line>
              <![CDATA[DeleteEmployee completed]]>
            </line>
            <line>
              <![CDATA[Logout functionality completed]]>
            </line>
          </reporter-output>
        </test-method> <!-- tc003 -->
      </class> <!-- com.hrms.testscripts.TC003 -->
    </test> <!-- Nopackage -->
  </suite> <!-- Suite1 -->
</testng-results>
