<?xml version="1.0" encoding="UTF-8"?>
<testng-results ignored="0" total="3" passed="2" failed="1" skipped="0">
  <reporter-output>
    <line>
      <![CDATA[OpenApplication]]>
    </line>
    <line>
      <![CDATA[login application completed]]>
    </line>
    <line>
      <![CDATA[logout button completed]]>
    </line>
    <line>
      <![CDATA[close Application]]>
    </line>
    <line>
      <![CDATA[OpenApplication]]>
    </line>
    <line>
      <![CDATA[login application completed]]>
    </line>
    <line>
      <![CDATA[OpenApplication]]>
    </line>
    <line>
      <![CDATA[login application completed]]>
    </line>
    <line>
      <![CDATA[click on pim mouseover]]>
    </line>
    <line>
      <![CDATA[ Enter frame completed]]>
    </line>
    <line>
      <![CDATA[ delete employee completed]]>
    </line>
    <line>
      <![CDATA[ Exit frame completed]]>
    </line>
    <line>
      <![CDATA[ Exitrame completed]]>
    </line>
    <line>
      <![CDATA[logout button completed]]>
    </line>
    <line>
      <![CDATA[close Application]]>
    </line>
  </reporter-output>
  <suite started-at="2023-08-22T16:40:17 IST" name="Suite1" finished-at="2023-08-22T16:40:49 IST" duration-ms="32603">
    <groups>
    </groups>
    <test started-at="2023-08-22T16:40:17 IST" name="Nopackage" finished-at="2023-08-22T16:40:49 IST" duration-ms="32603">
      <class name="hrms.packages.TestScript.Tc003">
        <test-method signature="deleteEmp()[pri:0, instance:hrms.packages.TestScript.Tc003@1151e434]" started-at="2023-08-22T16:40:36 IST" name="deleteEmp" finished-at="2023-08-22T16:40:49 IST" duration-ms="13145" status="PASS">
          <reporter-output>
            <line>
              <![CDATA[OpenApplication]]>
            </line>
            <line>
              <![CDATA[login application completed]]>
            </line>
            <line>
              <![CDATA[click on pim mouseover]]>
            </line>
            <line>
              <![CDATA[ Enter frame completed]]>
            </line>
            <line>
              <![CDATA[ delete employee completed]]>
            </line>
            <line>
              <![CDATA[ Exit frame completed]]>
            </line>
            <line>
              <![CDATA[ Exitrame completed]]>
            </line>
            <line>
              <![CDATA[logout button completed]]>
            </line>
            <line>
              <![CDATA[close Application]]>
            </line>
          </reporter-output>
        </test-method> <!-- deleteEmp -->
      </class> <!-- hrms.packages.TestScript.Tc003 -->
      <class name="hrms.packages.TestScript.Tc002">
        <test-method signature="mouseover()[pri:0, instance:hrms.packages.TestScript.Tc002@1b11171f]" started-at="2023-08-22T16:40:28 IST" name="mouseover" finished-at="2023-08-22T16:40:36 IST" duration-ms="7658" status="FAIL">
          <exception class="org.openqa.selenium.NoSuchElementException">
            <message>
              <![CDATA[Unable to locate element: Add Employee
For documentation on this error, please visit: https://www.selenium.dev/documentation/webdriver/troubleshooting/errors#no-such-element-exception
Build info: version: '4.11.0', revision: '040bc5406b'
System info: os.name: 'Windows 10', os.arch: 'amd64', os.version: '10.0', java.version: '17.0.2'
Driver info: org.openqa.selenium.firefox.FirefoxDriver
Command: [cb84e2ad-4245-4968-8259-3a3354f3c836, findElement {using=link text, value=Add Employee}]
Capabilities {acceptInsecureCerts: true, browserName: firefox, browserVersion: 72.0.2, moz:accessibilityChecks: false, moz:buildID: 20200117190643, moz:geckodriverVersion: 0.33.0, moz:headless: false, moz:processID: 13000, moz:profile: C:\Users\zakir\AppData\Loca..., moz:shutdownTimeout: 60000, moz:useNonSpecCompliantPointerOrigin: false, moz:webdriverClick: true, pageLoadStrategy: normal, platformName: windows, platformVersion: 10.0, rotatable: false, setWindowRect: true, strictFileInteractability: false, timeouts: {implicit: 0, pageLoad: 300000, script: 30000}, unhandledPromptBehavior: dismiss and notify}
Session ID: cb84e2ad-4245-4968-8259-3a3354f3c836]]>
            </message>
            <full-stacktrace>
              <![CDATA[org.openqa.selenium.NoSuchElementException: Unable to locate element: Add Employee
For documentation on this error, please visit: https://www.selenium.dev/documentation/webdriver/troubleshooting/errors#no-such-element-exception
Build info: version: '4.11.0', revision: '040bc5406b'
System info: os.name: 'Windows 10', os.arch: 'amd64', os.version: '10.0', java.version: '17.0.2'
Driver info: org.openqa.selenium.firefox.FirefoxDriver
Command: [cb84e2ad-4245-4968-8259-3a3354f3c836, findElement {using=link text, value=Add Employee}]
Capabilities {acceptInsecureCerts: true, browserName: firefox, browserVersion: 72.0.2, moz:accessibilityChecks: false, moz:buildID: 20200117190643, moz:geckodriverVersion: 0.33.0, moz:headless: false, moz:processID: 13000, moz:profile: C:\Users\zakir\AppData\Loca..., moz:shutdownTimeout: 60000, moz:useNonSpecCompliantPointerOrigin: false, moz:webdriverClick: true, pageLoadStrategy: normal, platformName: windows, platformVersion: 10.0, rotatable: false, setWindowRect: true, strictFileInteractability: false, timeouts: {implicit: 0, pageLoad: 300000, script: 30000}, unhandledPromptBehavior: dismiss and notify}
Session ID: cb84e2ad-4245-4968-8259-3a3354f3c836
at java.base/jdk.internal.reflect.NativeConstructorAccessorImpl.newInstance0(Native Method)
at java.base/jdk.internal.reflect.NativeConstructorAccessorImpl.newInstance(NativeConstructorAccessorImpl.java:77)
at java.base/jdk.internal.reflect.DelegatingConstructorAccessorImpl.newInstance(DelegatingConstructorAccessorImpl.java:45)
at java.base/java.lang.reflect.Constructor.newInstanceWithCaller(Constructor.java:499)
at java.base/java.lang.reflect.Constructor.newInstance(Constructor.java:480)
at org.openqa.selenium.remote.codec.w3c.W3CHttpResponseCodec.createException(W3CHttpResponseCodec.java:200)
at org.openqa.selenium.remote.codec.w3c.W3CHttpResponseCodec.decode(W3CHttpResponseCodec.java:133)
at org.openqa.selenium.remote.codec.w3c.W3CHttpResponseCodec.decode(W3CHttpResponseCodec.java:52)
at org.openqa.selenium.remote.HttpCommandExecutor.execute(HttpCommandExecutor.java:191)
at org.openqa.selenium.remote.service.DriverCommandExecutor.invokeExecute(DriverCommandExecutor.java:196)
at org.openqa.selenium.remote.service.DriverCommandExecutor.execute(DriverCommandExecutor.java:171)
at org.openqa.selenium.remote.RemoteWebDriver.execute(RemoteWebDriver.java:518)
at org.openqa.selenium.remote.ElementLocation$ElementFinder$2.findElement(ElementLocation.java:165)
at org.openqa.selenium.remote.ElementLocation.findElement(ElementLocation.java:59)
at org.openqa.selenium.remote.RemoteWebDriver.findElement(RemoteWebDriver.java:355)
at org.openqa.selenium.remote.RemoteWebDriver.findElement(RemoteWebDriver.java:349)
at hrms.packages.lib.General.pimMenu(General.java:69)
at hrms.packages.TestScript.Tc002.mouseover(Tc002.java:16)
at java.base/jdk.internal.reflect.NativeMethodAccessorImpl.invoke0(Native Method)
at java.base/jdk.internal.reflect.NativeMethodAccessorImpl.invoke(NativeMethodAccessorImpl.java:77)
at java.base/jdk.internal.reflect.DelegatingMethodAccessorImpl.invoke(DelegatingMethodAccessorImpl.java:43)
at java.base/java.lang.reflect.Method.invoke(Method.java:568)
at org.testng.internal.invokers.MethodInvocationHelper.invokeMethod(MethodInvocationHelper.java:139)
at org.testng.internal.invokers.TestInvoker.invokeMethod(TestInvoker.java:664)
at org.testng.internal.invokers.TestInvoker.invokeTestMethod(TestInvoker.java:227)
at org.testng.internal.invokers.MethodRunner.runInSequence(MethodRunner.java:50)
at org.testng.internal.invokers.TestInvoker$MethodInvocationAgent.invoke(TestInvoker.java:957)
at org.testng.internal.invokers.TestInvoker.invokeTestMethods(TestInvoker.java:200)
at org.testng.internal.invokers.TestMethodWorker.invokeTestMethods(TestMethodWorker.java:148)
at org.testng.internal.invokers.TestMethodWorker.run(TestMethodWorker.java:128)
at java.base/java.util.ArrayList.forEach(ArrayList.java:1511)
at org.testng.TestRunner.privateRun(TestRunner.java:848)
at org.testng.TestRunner.run(TestRunner.java:621)
at org.testng.SuiteRunner.runTest(SuiteRunner.java:443)
at org.testng.SuiteRunner.runSequentially(SuiteRunner.java:437)
at org.testng.SuiteRunner.privateRun(SuiteRunner.java:397)
at org.testng.SuiteRunner.run(SuiteRunner.java:336)
at org.testng.SuiteRunnerWorker.runSuite(SuiteRunnerWorker.java:52)
at org.testng.SuiteRunnerWorker.run(SuiteRunnerWorker.java:95)
at org.testng.TestNG.runSuitesSequentially(TestNG.java:1280)
at org.testng.TestNG.runSuitesLocally(TestNG.java:1200)
at org.testng.TestNG.runSuites(TestNG.java:1114)
at org.testng.TestNG.run(TestNG.java:1082)
at org.testng.remote.AbstractRemoteTestNG.run(AbstractRemoteTestNG.java:115)
at org.testng.remote.RemoteTestNG.initAndRun(RemoteTestNG.java:251)
at org.testng.remote.RemoteTestNG.main(RemoteTestNG.java:77)
]]>
            </full-stacktrace>
          </exception> <!-- org.openqa.selenium.NoSuchElementException -->
          <reporter-output>
            <line>
              <![CDATA[OpenApplication]]>
            </line>
            <line>
              <![CDATA[login application completed]]>
            </line>
          </reporter-output>
        </test-method> <!-- mouseover -->
      </class> <!-- hrms.packages.TestScript.Tc002 -->
      <class name="hrms.packages.TestScript.Tc001">
        <test-method signature="tc001()[pri:0, instance:hrms.packages.TestScript.Tc001@7bab3f1a]" started-at="2023-08-22T16:40:17 IST" name="tc001" finished-at="2023-08-22T16:40:28 IST" duration-ms="11734" status="PASS">
          <reporter-output>
            <line>
              <![CDATA[OpenApplication]]>
            </line>
            <line>
              <![CDATA[login application completed]]>
            </line>
            <line>
              <![CDATA[logout button completed]]>
            </line>
            <line>
              <![CDATA[close Application]]>
            </line>
          </reporter-output>
        </test-method> <!-- tc001 -->
      </class> <!-- hrms.packages.TestScript.Tc001 -->
    </test> <!-- Nopackage -->
  </suite> <!-- Suite1 -->
</testng-results>
